  compilation object save succeeded; see C:\Users\SDI\Documents\shaders\cmp301_coursework-DominikWylie\Coursework\Coursework\basic_depth_vs.cso
  compilation object save succeeded; see C:\Users\SDI\Documents\shaders\cmp301_coursework-DominikWylie\Coursework\Coursework\basic_vs.cso
  compilation object save succeeded; see C:\Users\SDI\Documents\shaders\cmp301_coursework-DominikWylie\Coursework\Coursework\depth_ps.cso
  compilation object save succeeded; see C:\Users\SDI\Documents\shaders\cmp301_coursework-DominikWylie\Coursework\Coursework\heightMap_Depth_vs.cso
  compilation object save succeeded; see C:\Users\SDI\Documents\shaders\cmp301_coursework-DominikWylie\Coursework\Coursework\heightMap_vs.cso
C:\Users\SDI\Documents\shaders\cmp301_coursework-DominikWylie\Coursework\Coursework\light_ps.hlsl(43,5): warning X4000: use of potentially uninitialized variable (hasDepthData)
C:\Users\SDI\Documents\shaders\cmp301_coursework-DominikWylie\Coursework\Coursework\light_ps.hlsl(68,5): warning X4000: use of potentially uninitialized variable (isInShadow)
  
  compilation object save succeeded; see C:\Users\SDI\Documents\shaders\cmp301_coursework-DominikWylie\Coursework\Coursework\light_ps.cso
C:\Users\SDI\Documents\shaders\cmp301_coursework-DominikWylie\Coursework\Coursework\motionBlur_ps.hlsl(27,11-53): warning X3206: implicit truncation of vector type
C:\Users\SDI\Documents\shaders\cmp301_coursework-DominikWylie\Coursework\Coursework\motionBlur_ps.hlsl(70,31-66): warning X3570: gradient instruction used in a loop with varying iteration, attempting to unroll the loop
  
  compilation object save succeeded; see C:\Users\SDI\Documents\shaders\cmp301_coursework-DominikWylie\Coursework\Coursework\motionBlur_ps.cso
  compilation object save succeeded; see C:\Users\SDI\Documents\shaders\cmp301_coursework-DominikWylie\Coursework\Coursework\motionBlur_vs.cso
C:\Users\SDI\Documents\shaders\cmp301_coursework-DominikWylie\Coursework\Coursework\wave_depth_vs.hlsl(36,5-83): warning X3206: implicit truncation of vector type
  
  compilation object save succeeded; see C:\Users\SDI\Documents\shaders\cmp301_coursework-DominikWylie\Coursework\Coursework\wave_depth_vs.cso
C:\Users\SDI\Documents\shaders\cmp301_coursework-DominikWylie\Coursework\Coursework\wave_vs.hlsl(48,5-83): warning X3206: implicit truncation of vector type
  
  compilation object save succeeded; see C:\Users\SDI\Documents\shaders\cmp301_coursework-DominikWylie\Coursework\Coursework\wave_vs.cso
  App1.cpp
C:\Users\SDI\Documents\shaders\cmp301_coursework-DominikWylie\Coursework\Coursework\App1.h(7,10): warning C4067: unexpected tokens following preprocessor directive - expected a newline
  (compiling source file 'App1.cpp')
  
  Main.cpp
C:\Users\SDI\Documents\shaders\cmp301_coursework-DominikWylie\Coursework\Coursework\App1.h(7,10): warning C4067: unexpected tokens following preprocessor directive - expected a newline
  (compiling source file 'Main.cpp')
  
  MeshShader.cpp
  MotionBlurShader.cpp
  Generating Code...
DXFramework.lib(DDSTextureLoader.obj) : warning LNK4099: PDB '' was not found with 'DXFramework.lib(DDSTextureLoader.obj)' or at ''; linking object as if no debug info
DXFramework.lib(WICTextureLoader.obj) : warning LNK4099: PDB '' was not found with 'DXFramework.lib(WICTextureLoader.obj)' or at ''; linking object as if no debug info
DXFramework.lib(pch.obj) : warning LNK4099: PDB '' was not found with 'DXFramework.lib(pch.obj)' or at ''; linking object as if no debug info
  Coursework.vcxproj -> C:\Users\SDI\Documents\shaders\cmp301_coursework-DominikWylie\Coursework\x64\Debug\Coursework.exe
